/*C4*/SET SCHEMA PUBLIC
INSERT INTO HISTORY VALUES(0,'2013-11-11',8.00000000000000000000000000000000)
COMMIT
/*C3*/SET SCHEMA PUBLIC
DISCONNECT
/*C4*/DISCONNECT
/*C6*/SET SCHEMA PUBLIC
DISCONNECT
/*C5*/SET SCHEMA PUBLIC
DISCONNECT
/*C8*/SET SCHEMA PUBLIC
INSERT INTO SOLDITEM VALUES(19,NULL,2,'Chupa-chups',1,8.00000000000000000000000000000000)
COMMIT
INSERT INTO HISTORY VALUES(1,'2013-11-11',8.00000000000000000000000000000000)
COMMIT
/*C7*/SET SCHEMA PUBLIC
DISCONNECT
/*C8*/DISCONNECT
/*C10*/SET SCHEMA PUBLIC
INSERT INTO SOLDITEM VALUES(20,NULL,3,'Frankfurters',2,15.00000000000000000000000000000000)
INSERT INTO HISTORY VALUES(2,'2013-11-11',30.00000000000000000000000000000000)
COMMIT
/*C9*/SET SCHEMA PUBLIC
DISCONNECT
/*C10*/DISCONNECT
/*C12*/SET SCHEMA PUBLIC
DISCONNECT
/*C13*/SET SCHEMA PUBLIC
DISCONNECT
/*C14*/SET SCHEMA PUBLIC
DISCONNECT
/*C15*/SET SCHEMA PUBLIC
DISCONNECT
/*C11*/SET SCHEMA PUBLIC
DISCONNECT
